<?xml version="1.0" encoding="UTF-8"?>
<!-- Generated by org.testng.reporters.JUnitReportReporter -->
<testsuite hostname="DESKTOP-1AA8TPC" failures="0" tests="3" name="TesteAPI.PutPatchhDeleteExemplos" time="3.662" errors="0" timestamp="2023-08-16T15:21:57 BRT" skipped="0">
  <testcase classname="TesteAPI.PutPatchhDeleteExemplos" name="testPut" time="0.511"/>
  <testcase classname="TesteAPI.PutPatchhDeleteExemplos" name="testPatch" time="0.635"/>
  <testcase classname="TesteAPI.PutPatchhDeleteExemplos" name="testDelete" time="2.516"/>
</testsuite> <!-- TesteAPI.PutPatchhDeleteExemplos -->
