<?xml version="1.0" encoding="UTF-8"?>
<!-- Generated by org.testng.reporters.JUnitReportReporter -->
<testsuite hostname="DESKTOP-1AA8TPC" failures="0" tests="5" name="TesteAPI.TesteExemplos" time="3.724" errors="0" timestamp="2023-08-14T20:17:06 BRT" skipped="0">
  <testcase classname="TesteAPI.TesteExemplos" name="ListarUsuarios" time="0.105"/>
  <testcase classname="TesteAPI.TesteExemplos" name="ListaRecurso" time="2.345"/>
  <testcase classname="TesteAPI.TesteExemplos" name="UnicoRecurso" time="0.090"/>
  <testcase classname="TesteAPI.TesteExemplos" name="request_2" time="1.087"/>
  <testcase classname="TesteAPI.TesteExemplos" name="UnicoUsuario" time="0.097"/>
</testsuite> <!-- TesteAPI.TesteExemplos -->
