<?xml version="1.0" encoding="UTF-8"?>
<!-- Generated by org.testng.reporters.JUnitReportReporter -->
<testsuite hostname="DESKTOP-1AA8TPC" failures="0" tests="1" name="TesteAPI.GetPostExemplos" time="2.980" errors="0" timestamp="2023-08-15T19:16:13 BRT" skipped="0">
  <testcase classname="TesteAPI.GetPostExemplos" name="testPost" time="2.980"/>
</testsuite> <!-- TesteAPI.GetPostExemplos -->
