<?xml version="1.0" encoding="UTF-8"?>
<!-- Generated by org.testng.reporters.JUnitReportReporter -->
<testsuite hostname="DESKTOP-1AA8TPC" failures="0" tests="1" name="TesteAPI.SoapXmlRequest" time="4.571" errors="0" timestamp="2023-08-16T17:52:51 BRT" skipped="0">
  <testcase classname="TesteAPI.SoapXmlRequest" name="ValidacaoSoapXML" time="4.571"/>
</testsuite> <!-- TesteAPI.SoapXmlRequest -->
